<?xml version="1.0" encoding="utf-8"?><testsuites name="pytest tests"><testsuite name="pytest" errors="0" failures="0" skipped="0" tests="13" time="3.209" timestamp="2026-01-26T06:58:06.422668+00:00" hostname="agent-env-0e0f50fa-3bbb-41d2-b2e9-5355df46d493"><testcase classname="backend.tests.test_admin_orders.TestAdminAuth" name="test_admin_login_success" time="0.320" /><testcase classname="backend.tests.test_admin_orders.TestAdminAuth" name="test_admin_login_invalid_credentials" time="0.274" /><testcase classname="backend.tests.test_admin_orders.TestAdminOrders" name="test_get_orders_requires_auth" time="0.052" /><testcase classname="backend.tests.test_admin_orders.TestAdminOrders" name="test_get_orders_success" time="0.303" /><testcase classname="backend.tests.test_admin_orders.TestAdminOrders" name="test_orders_sorted_by_date" time="0.295" /><testcase classname="backend.tests.test_admin_orders.TestRevenueStats" name="test_revenue_stats_requires_auth" time="0.038" /><testcase classname="backend.tests.test_admin_orders.TestRevenueStats" name="test_revenue_stats_success" time="0.336" /><testcase classname="backend.tests.test_admin_orders.TestRevenueStats" name="test_revenue_stats_values_non_negative" time="0.310" /><testcase classname="backend.tests.test_admin_orders.TestPaymentConfig" name="test_payment_config_public" time="0.032" /><testcase classname="backend.tests.test_admin_orders.TestPaymentConfig" name="test_payment_config_returns_razorpay_key" time="0.033" /><testcase classname="backend.tests.test_admin_orders.TestPaymentConfig" name="test_payment_config_uses_live_key" time="0.037" /><testcase classname="backend.tests.test_admin_orders.TestNonAdminAccess" name="test_mentee_cannot_access_orders" time="0.561" /><testcase classname="backend.tests.test_admin_orders.TestNonAdminAccess" name="test_mentee_cannot_access_revenue_stats" time="0.553" /></testsuite></testsuites>